Start testing: Dec 12 19:35 EST
----------------------------------------------------------
1/2 Testing: FiberEndPointFromLabelMapTestVTK
1/2 Test: FiberEndPointFromLabelMapTestVTK
Command: "/home/brain/Slicer/Slicer-SuperBuild/Slicer-build/Slicer" "--launcher-no-splash" "--launcher-additional-settings" "/home/brain/Sandbox/FiberEndPointFromLabelMap-build/AdditionalLauncherSettings.ini" "--launch" "/home/brain/Sandbox/FiberEndPointFromLabelMap-build/Testing/FiberEndPointFromLabelMapTest" "ModuleEntryPoint" "/home/brain/Sandbox/FiberEndPointFromLabelMap/Testing/../Data/Input/label_map.nrrd" "/home/brain/Sandbox/FiberEndPointFromLabelMap/Testing/../Data/Input" "/fiberendpointtestingoutput.txt"
Directory: /home/brain/Sandbox/FiberEndPointFromLabelMap-build/Testing
"FiberEndPointFromLabelMapTestVTK" start time: Dec 12 19:35 EST
Output:
----------------------------------------------------------
Output file doesn't exist: /fiberendpointtestingoutput.txt
vtkDebugLeaks has found no leaks.
<end of output>
Test time =   0.83 sec
----------------------------------------------------------
Test Failed.
"FiberEndPointFromLabelMapTestVTK" end time: Dec 12 19:35 EST
"FiberEndPointFromLabelMapTestVTK" time elapsed: 00:00:00
----------------------------------------------------------

2/2 Testing: FiberEndPointFromLabelMapCompareTxts
2/2 Test: FiberEndPointFromLabelMapCompareTxts
Command: "/home/brain/Slicer/Slicer-SuperBuild/Slicer-build/Slicer" "--launcher-no-splash" "--launcher-additional-settings" "/home/brain/Sandbox/FiberEndPointFromLabelMap-build/AdditionalLauncherSettings.ini" "--launch" "/home/brain/Sandbox/FiberEndPointFromLabelMap-build/Testing/CompareTxts" "/fiberendpointtestingoutput.txt" "/home/brain/Sandbox/FiberEndPointFromLabelMap/Testing/../Data/Baseline/BaselineResult.txt"
Directory: /home/brain/Sandbox/FiberEndPointFromLabelMap-build/Testing
"FiberEndPointFromLabelMapCompareTxts" start time: Dec 12 19:35 EST
Output:
----------------------------------------------------------
vtkDebugLeaks has found no leaks.
<end of output>
Test time =   0.43 sec
----------------------------------------------------------
Test Passed.
"FiberEndPointFromLabelMapCompareTxts" end time: Dec 12 19:35 EST
"FiberEndPointFromLabelMapCompareTxts" time elapsed: 00:00:00
----------------------------------------------------------

End testing: Dec 12 19:35 EST

FiberEndPointFromLabelMap =   1.26 sec

